\BOOKMARK [0][-]{chapter*.2}{\376\377\000\332\000v\000o\000d}{}
\BOOKMARK [0][-]{chapter.1}{\376\377\000P\001\131\000e\000k\000l\000a\000d\000\040\000a\000\040\000s\000t\000r\000o\000j\000o\000v\000\375\000\040\000p\001\131\000e\000k\000l\000a\000d}{}
\BOOKMARK [1][-]{section.1.1}{\376\377\000P\001\131\000e\000k\000l\000a\000d\000o\000v\000\351\000\040\000p\000r\000o\000b\000l\000\351\000m\000y}{chapter.1}
\BOOKMARK [1][-]{section.1.2}{\376\377\000H\000i\000s\000t\000o\000r\000i\000e\000\040\000s\000t\000r\000o\000j\000o\000v\000\351\000h\000o\000\040\000p\001\131\000e\000k\000l\000a\000d\000u}{chapter.1}
\BOOKMARK [1][-]{section.1.3}{\376\377\000S\000o\000u\001\015\000a\000s\000t\000n\000o\000s\000t\000\040\000s\000t\000r\000o\000j\000o\000v\000\351\000h\000o\000\040\000p\001\131\000e\000k\000l\000a\000d\000u}{chapter.1}
\BOOKMARK [1][-]{section.1.4}{\376\377\000C\000o\000m\000p\000u\000t\000e\000r\000-\000a\000i\000d\000e\000d\000\040\000t\000r\000a\000n\000s\000l\000a\000t\000i\000o\000n}{chapter.1}
\BOOKMARK [1][-]{section.1.5}{\376\377\000M\000o\000s\000e\000s}{chapter.1}
\BOOKMARK [0][-]{chapter.2}{\376\377\000M\000o\000s\000e\000s}{}
\BOOKMARK [1][-]{section.2.1}{\376\377\000P\000r\000i\000n\000c\000i\000p\000\040\000f\000r\000\341\000z\000o\000v\000\351\000h\000o\000\040\000p\001\131\000e\000k\000l\000a\000d\000u}{chapter.2}
\BOOKMARK [2][-]{subsection.2.1.1}{\376\377\000J\000a\000z\000y\000k\000o\000v\000\375\000\040\000a\000\040\000p\001\131\000e\000k\000l\000a\000d\000o\000v\000\375\000\040\000m\000o\000d\000e\000l}{section.2.1}
\BOOKMARK [2][-]{subsection.2.1.2}{\376\377\000H\000l\000e\000d\000\341\000n\000\355\000\040\000n\000e\000j\000l\000e\000p\001\141\000\355\000c\000h\000\040\000h\000y\000p\000o\000t\000\351\000z}{section.2.1}
\BOOKMARK [1][-]{section.2.2}{\376\377\000R\000o\000z\001\141\000\355\001\131\000e\000n\000\355\000\040\000M\000o\000s\000e\000s\000e}{chapter.2}
\BOOKMARK [0][-]{chapter.3}{\376\377\000I\000m\000p\000l\000e\000m\000e\000n\000t\000a\000c\000e\000\040\000s\000e\000r\000v\000e\000r\000o\000v\000\351\000\040\001\015\000\341\000s\000t\000i}{}
\BOOKMARK [1][-]{section.3.1}{\376\377\000R\000o\000z\001\141\000\355\001\131\000e\000n\000\355\000\040\000M\000o\000s\000e\000s\000e}{chapter.3}
\BOOKMARK [2][-]{subsection.3.1.1}{\376\377\000J\000a\000k\000\040\000f\000u\000n\000g\000u\000j\000e\000\040\000M\000o\000s\000e\000s}{section.3.1}
\BOOKMARK [0][-]{chapter.4}{\376\377\000I\000m\000p\000l\000e\000m\000e\000n\000t\000a\000c\000e\000\040\000s\000e\000r\000v\000e\000r\000o\000v\000\351\000\040\001\015\000\341\000s\000t\000i}{}
\BOOKMARK [1][-]{section.4.1}{\376\377\000I\000n\000s\000t\000a\000l\000a\000c\000e}{chapter.4}
\BOOKMARK [1][-]{section.4.2}{\376\377\000V\000i\000r\000t\000u\000\341\000l\000n\000\355\000\040\000s\000y\000s\000t\000\351\000m}{chapter.4}
\BOOKMARK [1][-]{section.4.3}{\376\377\000I\000n\000s\000t\000a\000l\000a\000c\000e\000\040\000M\000o\000s\000e\000s\000e}{chapter.4}
\BOOKMARK [1][-]{section.4.4}{\376\377\000I\000n\000s\000t\000a\000l\000a\000c\000e\000\040\000s\000e\000r\000v\000e\000r\000o\000v\000\351\000\040\001\015\000\341\000s\000t\000i}{chapter.4}
\BOOKMARK [1][-]{section.4.5}{\376\377\000I\000n\000s\000t\000a\000l\000a\000c\000e\000\040\000k\000l\000i\000e\000n\000t\000s\000k\000\351\000\040\001\015\000\341\000s\000t\000i}{chapter.4}
\BOOKMARK [0][-]{chapter*.3}{\376\377\000Z\000\341\000v\001\033\000r}{}
\BOOKMARK [0][-]{chapter*.4}{\376\377\000S\000e\000z\000n\000a\000m\000\040\000p\000o\000u\001\176\000i\000t\000\351\000\040\000l\000i\000t\000e\000r\000a\000t\000u\000r\000y}{}
\BOOKMARK [0][-]{chapter*.5}{\376\377\000S\000e\000z\000n\000a\000m\000\040\000t\000a\000b\000u\000l\000e\000k}{}
\BOOKMARK [0][-]{chapter*.6}{\376\377\000S\000e\000z\000n\000a\000m\000\040\000p\000o\000u\001\176\000i\000t\000\375\000c\000h\000\040\000z\000k\000r\000a\000t\000e\000k}{}
\BOOKMARK [0][-]{chapter*.7}{\376\377\000P\001\131\000\355\000l\000o\000h\000y}{}
