This is pdfTeX, Version 3.1415926-1.40.10 (TeX Live 2009/Debian) (format=latex 2011.4.17)  10 MAY 2011 15:07
entering extended mode
 %&-line parsing enabled.
**makebst
(/usr/share/texmf-texlive/tex/latex/tools/q.tex
! Interruption.
<to be read again> 
                   \begingroup 
l.1 
    %%
? quit
OK, entering \batchmode...
LaTeX2e <2009/09/24>
Babel <v3.8l> and hyphenation patterns for english, usenglishmax, dumylang, noh
yphenation, czech, slovak, loaded.
 File ignored
)
! Emergency stop.
<*> makebst
           
*** (job aborted, no legal \end found)

 
Here is how much of TeX's memory you used:
 7 strings out of 495028
 237 string characters out of 1181442
 45154 words of memory out of 3000000
 3286 multiletter control sequences out of 15000+50000
 3640 words of font info for 14 fonts, out of 3000000 for 9000
 38 hyphenation exceptions out of 8191
 5i,0n,1p,87b,8s stack positions out of 5000i,500n,10000p,200000b,50000s
No pages of output.
